<?xml version="1.0" encoding="UTF-8"?>
<!-- Generated by org.testng.reporters.JUnitReportReporter -->
<testsuite hostname="DESKTOP-4VPNHRE" failures="0" tests="3" name="maven.sample.groupTest" time="0.024" errors="0" timestamp="22 Jun 2018 10:05:20 GMT" skipped="0">
  <testcase classname="maven.sample.groupTest" name="g" time="0.002"/>
  <testcase classname="maven.sample.groupTest" name="h" time="0.002"/>
  <testcase classname="maven.sample.groupTest" name="f" time="0.020"/>
</testsuite> <!-- maven.sample.groupTest -->
